<?xml version="1.0" encoding="UTF-8" ?>
<testsuite errors="0" failures="0" name="com.transferwise.Spec3" tests="2" time="31.884" timestamp="2015-03-11T09:44:37">
</testsuite>
