<?xml version="1.0" encoding="UTF-8" ?>
<testsuite errors="0" failures="0" name="com.transferwise.Spec4" tests="2" time="51.884" timestamp="2015-03-11T09:44:37">
</testsuite>
